2017-10-01 21:16:36 - Starting EmployeeApplicationTests on NB0029 with PID 17344 (started by techfun in D:\msp_paltform\springboot_workspace\CRUD\employee)
2017-10-01 21:16:36 - Running with Spring Boot v1.5.7.RELEASE, Spring v4.3.11.RELEASE
2017-10-01 21:16:36 - No active profile set, falling back to default profiles: default
2017-10-01 21:16:45 - Started EmployeeApplicationTests in 8.854 seconds (JVM running for 10.024)
2017-10-01 21:17:03 - Starting EmployeeApplication on NB0029 with PID 20916 (D:\msp_paltform\springboot_workspace\CRUD\employee\bin started by techfun in D:\msp_paltform\springboot_workspace\CRUD\employee)
2017-10-01 21:17:03 - Running with Spring Boot v1.5.7.RELEASE, Spring v4.3.11.RELEASE
2017-10-01 21:17:03 - No active profile set, falling back to default profiles: default
2017-10-01 21:17:12 - Started EmployeeApplication in 8.644 seconds (JVM running for 9.183)
2017-10-01 21:20:55 - com.techfun.security.service.EmployeeDetailsServiceImpl.loadUserByUsername() method has been started.
2017-10-01 21:20:55 - ==>  Preparing: select employee_id, password, email, employee_name, phone, address, remark from employees WHERE ( email = ? ) 
2017-10-01 21:20:55 - ==> Parameters: yewin@gmail.com(String)
2017-10-01 21:20:55 - <==      Total: 1
2017-10-01 21:20:55 - com.techfun.security.service.EmployeeDetailsServiceImpl.loadUserByUsername() method has been successfully finished.
2017-10-01 21:20:56 - com.techfun.domain.employee.service.EmployeeListServiceImpl.getEmployeeList() method has been started.
2017-10-01 21:20:56 - ==>  Preparing: select employee_id, password, email, employee_name, phone, address, remark from employees WHERE ( employee_id is not null ) 
2017-10-01 21:20:56 - ==> Parameters: 
2017-10-01 21:20:56 - <==      Total: 2
2017-10-01 21:20:56 - com.techfun.domain.employee.service.EmployeeListServiceImpl.getEmployeeList() method has been successfully finished.
2017-10-01 21:21:06 - com.techfun.domain.employee.service.EmployeeUpdateServiceImpl.getEmployeeById() method has been started.
2017-10-01 21:21:06 - ==>  Preparing: select employee_id, password, email, employee_name, phone, address, remark from employees where employee_id = ? 
2017-10-01 21:21:06 - ==> Parameters: 2(Integer)
2017-10-01 21:21:06 - <==      Total: 1
2017-10-01 21:21:06 - com.techfun.domain.employee.service.EmployeeUpdateServiceImpl.getEmployeeById() method has been successfully finished.
2017-10-01 21:21:11 - com.techfun.domain.employee.service.EmployeeUpdateConfirmServiceImpl.updateEmployee() method has been started.
2017-10-01 21:21:11 - ==>  Preparing: update employees SET email = ?, employee_name = ?, phone = ?, address = ?, remark = ? where employee_id = ? 
2017-10-01 21:21:11 - ==> Parameters: ronaldo1@gmail.com(String), C. Ronaldo11(String), 092828292111(String), Yangon(String), Yangon1(String), 2(Integer)
2017-10-01 21:21:11 - <==    Updates: 1
2017-10-01 21:21:11 - com.techfun.domain.employee.service.EmployeeUpdateConfirmServiceImpl.updateEmployee() method has been successfully finished.
2017-10-01 21:21:15 - com.techfun.domain.employee.service.EmployeeListServiceImpl.getEmployeeList() method has been started.
2017-10-01 21:21:15 - ==>  Preparing: select employee_id, password, email, employee_name, phone, address, remark from employees WHERE ( employee_id is not null ) 
2017-10-01 21:21:15 - ==> Parameters: 
2017-10-01 21:21:15 - <==      Total: 2
2017-10-01 21:21:15 - com.techfun.domain.employee.service.EmployeeListServiceImpl.getEmployeeList() method has been successfully finished.
2017-10-01 21:23:44 - Starting EmployeeApplicationTests on NB0029 with PID 22232 (started by techfun in D:\msp_paltform\springboot_workspace\CRUD\employee)
2017-10-01 21:23:44 - Running with Spring Boot v1.5.7.RELEASE, Spring v4.3.11.RELEASE
2017-10-01 21:23:44 - No active profile set, falling back to default profiles: default
2017-10-01 21:23:52 - Started EmployeeApplicationTests in 8.748 seconds (JVM running for 9.923)
2017-10-01 21:26:56 - Starting EmployeeApplication on NB0029 with PID 18776 (D:\msp_paltform\springboot_workspace\CRUD\employee\bin started by techfun in D:\msp_paltform\springboot_workspace\CRUD\employee)
2017-10-01 21:26:56 - Running with Spring Boot v1.5.7.RELEASE, Spring v4.3.11.RELEASE
2017-10-01 21:26:56 - No active profile set, falling back to default profiles: default
2017-10-01 21:27:04 - Started EmployeeApplication in 8.537 seconds (JVM running for 9.061)
2017-10-01 21:27:33 - com.techfun.security.service.EmployeeDetailsServiceImpl.loadUserByUsername() method has been started.
2017-10-01 21:27:33 - ==>  Preparing: select employee_id, password, email, employee_name, phone, address, remark from employees WHERE ( email = ? ) 
2017-10-01 21:27:34 - ==> Parameters: yewin@gmail.com(String)
2017-10-01 21:27:34 - <==      Total: 1
2017-10-01 21:27:34 - com.techfun.security.service.EmployeeDetailsServiceImpl.loadUserByUsername() method has been successfully finished.
2017-10-01 21:27:34 - com.techfun.domain.employee.service.EmployeeListServiceImpl.getEmployeeList() method has been started.
2017-10-01 21:27:34 - ==>  Preparing: select employee_id, password, email, employee_name, phone, address, remark from employees WHERE ( employee_id is not null ) 
2017-10-01 21:27:34 - ==> Parameters: 
2017-10-01 21:27:34 - <==      Total: 2
2017-10-01 21:27:34 - com.techfun.domain.employee.service.EmployeeListServiceImpl.getEmployeeList() method has been successfully finished.
2017-10-01 21:27:42 - com.techfun.domain.employee.service.EmployeeListServiceImpl.getEmployeeList() method has been started.
2017-10-01 21:27:42 - ==>  Preparing: select employee_id, password, email, employee_name, phone, address, remark from employees WHERE ( employee_id is not null ) 
2017-10-01 21:27:42 - ==> Parameters: 
2017-10-01 21:27:42 - <==      Total: 2
2017-10-01 21:27:42 - com.techfun.domain.employee.service.EmployeeListServiceImpl.getEmployeeList() method has been successfully finished.
2017-10-01 21:28:51 - com.techfun.domain.employee.service.EmployeeInsertServiceImpl.validate() method has been started.
2017-10-01 21:28:51 - com.techfun.domain.employee.service.EmployeeInsertServiceImpl.validate() method has been successfully finished.
2017-10-01 21:29:38 - com.techfun.domain.employee.service.EmployeeInsertServiceImpl.validate() method has been started.
2017-10-01 21:29:38 - com.techfun.domain.employee.service.EmployeeInsertServiceImpl.validate() method has been successfully finished.
2017-10-01 21:29:38 - com.techfun.domain.employee.service.EmployeeInsertServiceImpl.insertEmployees() method has been started.
2017-10-01 21:29:38 - ==>  Preparing: insert into employees ( password, email, employee_name, phone, address, remark ) values ( ?, ?, ?, ?, ?, ? ) 
2017-10-01 21:29:38 - ==> Parameters: ADMINtech12##(String), messi@gmail.com(String), Messi(String), 09202222(String), Spain(String), Spain(String)
2017-10-01 21:29:38 - <==    Updates: 1
2017-10-01 21:29:38 - com.techfun.domain.employee.service.EmployeeInsertServiceImpl.insertEmployees() method has been successfully finished.
2017-10-01 21:29:44 - com.techfun.domain.employee.service.EmployeeListServiceImpl.getEmployeeList() method has been started.
2017-10-01 21:29:44 - ==>  Preparing: select employee_id, password, email, employee_name, phone, address, remark from employees WHERE ( employee_id is not null ) 
2017-10-01 21:29:44 - ==> Parameters: 
2017-10-01 21:29:44 - <==      Total: 3
2017-10-01 21:29:44 - com.techfun.domain.employee.service.EmployeeListServiceImpl.getEmployeeList() method has been successfully finished.
2017-10-01 21:29:49 - com.techfun.domain.employee.service.EmployeeUpdateServiceImpl.getEmployeeById() method has been started.
2017-10-01 21:29:49 - ==>  Preparing: select employee_id, password, email, employee_name, phone, address, remark from employees where employee_id = ? 
2017-10-01 21:29:49 - ==> Parameters: 3(Integer)
2017-10-01 21:29:49 - <==      Total: 1
2017-10-01 21:29:49 - com.techfun.domain.employee.service.EmployeeUpdateServiceImpl.getEmployeeById() method has been successfully finished.
2017-10-01 21:29:54 - com.techfun.domain.employee.service.EmployeeUpdateConfirmServiceImpl.updateEmployee() method has been started.
2017-10-01 21:29:54 - ==>  Preparing: update employees SET email = ?, employee_name = ?, phone = ?, address = ?, remark = ? where employee_id = ? 
2017-10-01 21:29:54 - ==> Parameters: messi@gmail.com(String), Messi(String), 09202222(String), Spain1(String), Spain(String), 3(Integer)
2017-10-01 21:29:54 - <==    Updates: 1
2017-10-01 21:29:54 - com.techfun.domain.employee.service.EmployeeUpdateConfirmServiceImpl.updateEmployee() method has been successfully finished.
2017-10-01 21:29:57 - com.techfun.domain.employee.service.EmployeeListServiceImpl.getEmployeeList() method has been started.
2017-10-01 21:29:57 - ==>  Preparing: select employee_id, password, email, employee_name, phone, address, remark from employees WHERE ( employee_id is not null ) 
2017-10-01 21:29:57 - ==> Parameters: 
2017-10-01 21:29:57 - <==      Total: 3
2017-10-01 21:29:57 - com.techfun.domain.employee.service.EmployeeListServiceImpl.getEmployeeList() method has been successfully finished.
2017-10-01 21:30:00 - com.techfun.domain.employee.service.EmployeeDeleteServiceImpl.employeeDelete() method has been started.
2017-10-01 21:30:00 - ==>  Preparing: delete from employees where employee_id = ? 
2017-10-01 21:30:00 - ==> Parameters: 3(Integer)
2017-10-01 21:30:00 - <==    Updates: 1
2017-10-01 21:30:00 - com.techfun.domain.employee.service.EmployeeDeleteServiceImpl.employeeDelete() method has been successfully finished.
2017-10-01 21:30:00 - com.techfun.domain.employee.service.EmployeeListServiceImpl.getEmployeeList() method has been started.
2017-10-01 21:30:00 - ==>  Preparing: select employee_id, password, email, employee_name, phone, address, remark from employees WHERE ( employee_id is not null ) 
2017-10-01 21:30:00 - ==> Parameters: 
2017-10-01 21:30:00 - <==      Total: 2
2017-10-01 21:30:00 - com.techfun.domain.employee.service.EmployeeListServiceImpl.getEmployeeList() method has been successfully finished.
2017-10-01 21:57:59 - Starting EmployeeApplicationTests on NB0029 with PID 35744 (started by techfun in D:\msp_paltform\springboot_workspace\CRUD\employee)
2017-10-01 21:57:59 - Running with Spring Boot v1.5.7.RELEASE, Spring v4.3.11.RELEASE
2017-10-01 21:57:59 - No active profile set, falling back to default profiles: default
2017-10-01 21:58:08 - Started EmployeeApplicationTests in 8.697 seconds (JVM running for 9.899)
2017-10-01 22:03:40 - Starting EmployeeApplication on NB0029 with PID 27156 (D:\msp_paltform\springboot_workspace\CRUD\employee\bin started by techfun in D:\msp_paltform\springboot_workspace\CRUD\employee)
2017-10-01 22:03:40 - Running with Spring Boot v1.5.7.RELEASE, Spring v4.3.11.RELEASE
2017-10-01 22:03:40 - No active profile set, falling back to default profiles: default
2017-10-01 22:03:50 - Started EmployeeApplication in 10.191 seconds (JVM running for 11.037)
2017-10-01 22:21:42 - com.techfun.security.service.EmployeeDetailsServiceImpl.loadUserByUsername() method has been started.
2017-10-01 22:21:42 - ==>  Preparing: select employee_id, password, email, employee_name, phone, address, remark from employees WHERE ( email = ? ) 
2017-10-01 22:21:42 - ==> Parameters: yewin@gmail.com(String)
2017-10-01 22:21:42 - <==      Total: 1
2017-10-01 22:21:42 - com.techfun.security.service.EmployeeDetailsServiceImpl.loadUserByUsername() method has been successfully finished.
2017-10-01 22:21:43 - com.techfun.domain.employee.service.EmployeeListServiceImpl.getEmployeeList() method has been started.
2017-10-01 22:21:43 - ==>  Preparing: select employee_id, password, email, employee_name, phone, address, remark from employees WHERE ( employee_id is not null ) 
2017-10-01 22:21:43 - ==> Parameters: 
2017-10-01 22:21:43 - <==      Total: 2
2017-10-01 22:21:43 - com.techfun.domain.employee.service.EmployeeListServiceImpl.getEmployeeList() method has been successfully finished.
2017-10-01 22:21:45 - com.techfun.domain.employee.service.EmployeeListServiceImpl.getEmployeeList() method has been started.
2017-10-01 22:21:45 - ==>  Preparing: select employee_id, password, email, employee_name, phone, address, remark from employees WHERE ( employee_id is not null ) 
2017-10-01 22:21:45 - ==> Parameters: 
2017-10-01 22:21:45 - <==      Total: 2
2017-10-01 22:21:45 - com.techfun.domain.employee.service.EmployeeListServiceImpl.getEmployeeList() method has been successfully finished.
2017-10-01 22:21:51 - com.techfun.domain.employee.service.EmployeeInsertServiceImpl.validate() method has been started.
2017-10-01 22:21:51 - com.techfun.domain.employee.service.EmployeeInsertServiceImpl.validate() method has been successfully finished.
2017-10-01 22:21:53 - com.techfun.domain.employee.service.EmployeeInsertServiceImpl.validate() method has been started.
2017-10-01 22:21:53 - com.techfun.domain.employee.service.EmployeeInsertServiceImpl.validate() method has been successfully finished.
2017-10-01 22:22:44 - com.techfun.domain.employee.service.EmployeeListServiceImpl.getEmployeeList() method has been started.
2017-10-01 22:22:44 - ==>  Preparing: select employee_id, password, email, employee_name, phone, address, remark from employees WHERE ( employee_id is not null ) 
2017-10-01 22:22:44 - ==> Parameters: 
2017-10-01 22:22:44 - <==      Total: 2
2017-10-01 22:22:44 - com.techfun.domain.employee.service.EmployeeListServiceImpl.getEmployeeList() method has been successfully finished.
2017-10-01 22:23:22 - com.techfun.domain.employee.service.EmployeeInsertServiceImpl.validate() method has been started.
2017-10-01 22:23:22 - com.techfun.domain.employee.service.EmployeeInsertServiceImpl.validate() method has been successfully finished.
2017-10-01 22:23:22 - com.techfun.domain.employee.service.EmployeeInsertServiceImpl.insertEmployees() method has been started.
2017-10-01 22:23:22 - ==>  Preparing: insert into employees ( password, email, employee_name, phone, address, remark ) values ( ?, ?, ?, ?, ?, ? ) 
2017-10-01 22:23:22 - ==> Parameters: hazardHAZARD12##(String), hazard@gmail.com(String), Hazard(String), 092828292111(String), Belgium(String), Footballer(String)
2017-10-01 22:23:22 - <==    Updates: 1
2017-10-01 22:23:22 - com.techfun.domain.employee.service.EmployeeInsertServiceImpl.insertEmployees() method has been successfully finished.
2017-10-01 22:23:24 - com.techfun.domain.employee.service.EmployeeListServiceImpl.getEmployeeList() method has been started.
2017-10-01 22:23:24 - ==>  Preparing: select employee_id, password, email, employee_name, phone, address, remark from employees WHERE ( employee_id is not null ) 
2017-10-01 22:23:24 - ==> Parameters: 
2017-10-01 22:23:24 - <==      Total: 3
2017-10-01 22:23:24 - com.techfun.domain.employee.service.EmployeeListServiceImpl.getEmployeeList() method has been successfully finished.
2017-10-01 22:23:25 - com.techfun.domain.employee.service.EmployeeUpdateServiceImpl.getEmployeeById() method has been started.
2017-10-01 22:23:25 - ==>  Preparing: select employee_id, password, email, employee_name, phone, address, remark from employees where employee_id = ? 
2017-10-01 22:23:25 - ==> Parameters: 4(Integer)
2017-10-01 22:23:25 - <==      Total: 1
2017-10-01 22:23:25 - com.techfun.domain.employee.service.EmployeeUpdateServiceImpl.getEmployeeById() method has been successfully finished.
2017-10-01 22:23:32 - com.techfun.domain.employee.service.EmployeeUpdateConfirmServiceImpl.updateEmployee() method has been started.
2017-10-01 22:23:38 - ==>  Preparing: update employees SET email = ?, employee_name = ?, phone = ?, address = ?, remark = ? where employee_id = ? 
2017-10-01 22:23:38 - ==> Parameters: hazard@gmail.com(String), Hazard(String), 092828292111(String), Belgium(String), Football Player(String), 4(Integer)
2017-10-01 22:23:38 - <==    Updates: 1
2017-10-01 22:23:41 - com.techfun.domain.employee.service.EmployeeUpdateConfirmServiceImpl.updateEmployee() method has been successfully finished.
2017-10-01 22:23:50 - com.techfun.domain.employee.service.EmployeeListServiceImpl.getEmployeeList() method has been started.
2017-10-01 22:23:50 - ==>  Preparing: select employee_id, password, email, employee_name, phone, address, remark from employees WHERE ( employee_id is not null ) 
2017-10-01 22:23:50 - ==> Parameters: 
2017-10-01 22:23:50 - <==      Total: 3
2017-10-01 22:23:50 - com.techfun.domain.employee.service.EmployeeListServiceImpl.getEmployeeList() method has been successfully finished.
